#
# There is insufficient memory for the Java Runtime Environment to continue.
# Native memory allocation (mmap) failed to map 175112192 bytes for Failed to commit area from 0x0000000710e00000 to 0x000000071b500000 of length 175112192.
# Possible reasons:
#   The system is out of physical RAM or swap space
#   The process is running with CompressedOops enabled, and the Java Heap may be blocking the growth of the native heap
# Possible solutions:
#   Reduce memory load on the system
#   Increase physical memory or swap space
#   Check if swap backing store is full
#   Decrease Java heap size (-Xmx/-Xms)
#   Decrease number of Java threads
#   Decrease Java thread stack sizes (-Xss)
#   Set larger code cache with -XX:ReservedCodeCacheSize=
#   JVM is running with Zero Based Compressed Oops mode in which the Java heap is
#     placed in the first 32GB address space. The Java Heap base address is the
#     maximum limit for the native heap growth. Please use -XX:HeapBaseMinAddress
#     to set the Java Heap base and to place the Java Heap above 32GB virtual address.
# This output file may be truncated or incomplete.
#
#  Out of Memory Error (t:/workspace/open/src/hotspot/os/windows/os_windows.cpp:3254), pid=13720, tid=7172
#
# JRE version: Java(TM) SE Runtime Environment (12.0.1+12) (build 12.0.1+12)
# Java VM: Java HotSpot(TM) 64-Bit Server VM (12.0.1+12, mixed mode, sharing, tiered, compressed oops, g1 gc, windows-amd64)
# No core dump will be written. Minidumps are not enabled by default on client versions of Windows
#

---------------  S U M M A R Y ------------

Command Line: -Dorg.gradle.native=false -Dfile.encoding=windows-1252 -Duser.country=AU -Duser.language=en -Duser.variant -ea worker.org.gradle.process.internal.worker.GradleWorkerMain 'Gradle Test Executor 2'

Host: Intel(R) Core(TM) i7-7700K CPU @ 4.20GHz, 8 cores, 15G,  Windows 10 , 64 bit Build 18362 (10.0.18362.778)
Time: Fri May 22 17:14:59 2020 AUS Eastern Standard Time elapsed time: 3 seconds (0d 0h 0m 3s)

---------------  T H R E A D  ---------------

Current thread (0x000002bc7e8f2000):  VMThread "VM Thread" [stack: 0x000000bf25100000,0x000000bf25200000] [id=7172]

Stack: [0x000000bf25100000,0x000000bf25200000]
[error occurred during error reporting (printing stack bounds), id 0xc0000005, EXCEPTION_ACCESS_VIOLATION (0xc0000005) at pc=0x000002bc62b60bad]

Native frames: (J=compiled Java code, j=interpreted, Vv=VM code, C=native code)
V  [jvm.dll+0x63948a]
V  [jvm.dll+0x78b31f]
V  [jvm.dll+0x78c9c1]
V  [jvm.dll+0x78cf75]
V  [jvm.dll+0x78cf2b]
V  [jvm.dll+0x638b84]
V  [jvm.dll+0x638f58]
C  [ntdll.dll+0xa11cf]
C  [ntdll.dll+0x6a209]
C  [ntdll.dll+0x9fe3e]
C  0x000002bc62b60bad

VM_Operation (0x000000bf25dfaac0): G1CollectForAllocation, mode: safepoint, requested by thread 0x000002bc7f90f800


---------------  P R O C E S S  ---------------

Threads class SMR info:
_java_thread_list=0x000002bc00e5b9d0, length=15, elements={
0x000002bc58f7c000, 0x000002bc7e8f5800, 0x000002bc7e8f7800, 0x000002bc7e915000,
0x000002bc7e916000, 0x000002bc7e91b000, 0x000002bc7f1c5800, 0x000002bc7f1c7000,
0x000002bc7f30e800, 0x000002bc7f329800, 0x000002bc7f90f800, 0x000002bc7f1c1800,
0x000002bc7f51e000, 0x000002bc7fced800, 0x000002bc7f403000
}

Java Threads: ( => current thread )
  0x000002bc58f7c000 JavaThread "main" [_thread_blocked, id=15352, stack(0x000000bf24b00000,0x000000bf24c00000)]
  0x000002bc7e8f5800 JavaThread "Reference Handler" daemon [_thread_blocked, id=12780, stack(0x000000bf25200000,0x000000bf25300000)]
  0x000002bc7e8f7800 JavaThread "Finalizer" daemon [_thread_blocked, id=15280, stack(0x000000bf25300000,0x000000bf25400000)]
  0x000002bc7e915000 JavaThread "Signal Dispatcher" daemon [_thread_blocked, id=9276, stack(0x000000bf25400000,0x000000bf25500000)]
  0x000002bc7e916000 JavaThread "Attach Listener" daemon [_thread_blocked, id=12856, stack(0x000000bf25500000,0x000000bf25600000)]
  0x000002bc7e91b000 JavaThread "C2 CompilerThread0" daemon [_thread_blocked, id=14252, stack(0x000000bf25600000,0x000000bf25700000)]
  0x000002bc7f1c5800 JavaThread "C1 CompilerThread0" daemon [_thread_blocked, id=4020, stack(0x000000bf25700000,0x000000bf25800000)]
  0x000002bc7f1c7000 JavaThread "Sweeper thread" daemon [_thread_blocked, id=11624, stack(0x000000bf25800000,0x000000bf25900000)]
  0x000002bc7f30e800 JavaThread "Service Thread" daemon [_thread_blocked, id=3896, stack(0x000000bf25900000,0x000000bf25a00000)]
  0x000002bc7f329800 JavaThread "Common-Cleaner" daemon [_thread_blocked, id=14524, stack(0x000000bf25b00000,0x000000bf25c00000)]
  0x000002bc7f90f800 JavaThread "Test worker" [_thread_blocked, id=14708, stack(0x000000bf25d00000,0x000000bf25e00000)]
  0x000002bc7f1c1800 JavaThread "/127.0.0.1:59381 to /127.0.0.1:59380 workers Thread 2" [_thread_blocked, id=1136, stack(0x000000bf25e00000,0x000000bf25f00000)]
  0x000002bc7f51e000 JavaThread "/127.0.0.1:59381 to /127.0.0.1:59380 workers Thread 3" [_thread_in_native, id=8812, stack(0x000000bf25f00000,0x000000bf26000000)]
  0x000002bc7fced800 JavaThread "C2 CompilerThread1" daemon [_thread_blocked, id=340, stack(0x000000bf26000000,0x000000bf26100000)]
  0x000002bc7f403000 JavaThread "C2 CompilerThread2" daemon [_thread_blocked, id=10808, stack(0x000000bf26800000,0x000000bf26900000)]

Other Threads:
=>0x000002bc7e8f2000 VMThread "VM Thread" [stack: 0x000000bf25100000,0x000000bf25200000] [id=7172]
  0x000002bc7f323000 WatcherThread [stack: 0x000000bf25a00000,0x000000bf25b00000] [id=13792]
  0x000002bc58fe8000 GCTaskThread "GC Thread#0" [stack: 0x000000bf24c00000,0x000000bf24d00000] [id=12956]
  0x000002bc7fcd8800 GCTaskThread "GC Thread#1" [stack: 0x000000bf26100000,0x000000bf26200000] [id=10104]
  0x000002bc7f960000 GCTaskThread "GC Thread#2" [stack: 0x000000bf26200000,0x000000bf26300000] [id=8020]
  0x000002bc7f960800 GCTaskThread "GC Thread#3" [stack: 0x000000bf26300000,0x000000bf26400000] [id=4116]
  0x000002bc00673000 GCTaskThread "GC Thread#4" [stack: 0x000000bf26400000,0x000000bf26500000] [id=5832]
  0x000002bc00674000 GCTaskThread "GC Thread#5" [stack: 0x000000bf26500000,0x000000bf26600000] [id=3488]
  0x000002bc004b2000 GCTaskThread "GC Thread#6" [stack: 0x000000bf26600000,0x000000bf26700000] [id=7872]
  0x000002bc004b2800 GCTaskThread "GC Thread#7" [stack: 0x000000bf26700000,0x000000bf26800000] [id=6944]
  0x000002bc59001800 ConcurrentGCThread "G1 Main Marker" [stack: 0x000000bf24d00000,0x000000bf24e00000] [id=4968]
  0x000002bc59006800 ConcurrentGCThread "G1 Conc#0" [stack: 0x000000bf24e00000,0x000000bf24f00000] [id=6148]
  0x000002bc7e7e9800 ConcurrentGCThread "G1 Refine#0" [stack: 0x000000bf24f00000,0x000000bf25000000] [id=2056]
  0x000002bc7e7ea800 ConcurrentGCThread "G1 Young RemSet Sampling" [stack: 0x000000bf25000000,0x000000bf25100000] [id=8900]

Threads with active compile tasks:

VM state:at safepoint (normal execution)

VM Mutex/Monitor currently owned by a thread:  ([mutex/lock_event])
[0x000002bc58f77900] Threads_lock - owner thread: 0x000002bc7e8f2000
[0x000002bc58f776c0] Heap_lock - owner thread: 0x000002bc7f90f800

Heap address: 0x0000000700e00000, size: 4082 MB, Compressed Oops mode: Zero based, Oop shift amount: 3
Narrow klass base: 0x0000000800000000, Narrow klass shift: 3
Compressed class space size: 1073741824 Address: 0x00000008011a0000

Heap:
 garbage-first heap   total 433152K, used 17680K [0x0000000700e00000, 0x0000000800000000)
  region size 1024K, 9 young (9216K), 9 survivors (9216K)
 Metaspace       used 18816K, capacity 19265K, committed 19584K, reserved 1064960K
  class space    used 2925K, capacity 3091K, committed 3200K, reserved 1048576K
Heap Regions: E=young(eden), S=young(survivor), O=old, HS=humongous(starts), HC=humongous(continues), CS=collection set, F=free, A=archive, TAMS=top-at-mark-start (previous, next)
|   0|0x0000000700e00000, 0x0000000700eed600, 0x0000000700f00000| 92%| O|  |TAMS 0x0000000700e00000, 0x0000000700e00000| Untracked 
|   1|0x0000000700f00000, 0x0000000701000000, 0x0000000701000000|100%|HS|  |TAMS 0x0000000700f00000, 0x0000000700f00000| Complete 
|   2|0x0000000701000000, 0x0000000701100000, 0x0000000701100000|100%|HC|  |TAMS 0x0000000701000000, 0x0000000701000000| Complete 
|   3|0x0000000701100000, 0x0000000701200000, 0x0000000701200000|100%|HC|  |TAMS 0x0000000701100000, 0x0000000701100000| Complete 
|   4|0x0000000701200000, 0x0000000701300000, 0x0000000701300000|100%|HC|  |TAMS 0x0000000701200000, 0x0000000701200000| Complete 
|   5|0x0000000701300000, 0x0000000701400000, 0x0000000701400000|100%|HS|  |TAMS 0x0000000701300000, 0x0000000701300000| Complete 
|   6|0x0000000701400000, 0x0000000701500000, 0x0000000701500000|100%|HC|  |TAMS 0x0000000701400000, 0x0000000701400000| Complete 
|   7|0x0000000701500000, 0x0000000701600000, 0x0000000701600000|100%|HC|  |TAMS 0x0000000701500000, 0x0000000701500000| Complete 
|   8|0x0000000701600000, 0x0000000701700000, 0x0000000701700000|100%|HC|  |TAMS 0x0000000701600000, 0x0000000701600000| Complete 
|   9|0x0000000701700000, 0x0000000701700000, 0x0000000701800000|  0%| F|  |TAMS 0x0000000701700000, 0x0000000701700000| Untracked 
|  10|0x0000000701800000, 0x0000000701800000, 0x0000000701900000|  0%| F|  |TAMS 0x0000000701800000, 0x0000000701800000| Untracked 
|  11|0x0000000701900000, 0x0000000701900000, 0x0000000701a00000|  0%| F|  |TAMS 0x0000000701900000, 0x0000000701900000| Untracked 
|  12|0x0000000701a00000, 0x0000000701a00000, 0x0000000701b00000|  0%| F|  |TAMS 0x0000000701a00000, 0x0000000701a00000| Untracked 
|  13|0x0000000701b00000, 0x0000000701b00000, 0x0000000701c00000|  0%| F|  |TAMS 0x0000000701b00000, 0x0000000701b00000| Untracked 
|  14|0x0000000701c00000, 0x0000000701c00000, 0x0000000701d00000|  0%| F|  |TAMS 0x0000000701c00000, 0x0000000701c00000| Untracked 
|  15|0x0000000701d00000, 0x0000000701d00000, 0x0000000701e00000|  0%| F|  |TAMS 0x0000000701d00000, 0x0000000701d00000| Untracked 
|  16|0x0000000701e00000, 0x0000000701e00000, 0x0000000701f00000|  0%| F|  |TAMS 0x0000000701e00000, 0x0000000701e00000| Untracked 
|  17|0x0000000701f00000, 0x0000000701f00000, 0x0000000702000000|  0%| F|  |TAMS 0x0000000701f00000, 0x0000000701f00000| Untracked 
|  18|0x0000000702000000, 0x0000000702000000, 0x0000000702100000|  0%| F|  |TAMS 0x0000000702000000, 0x0000000702000000| Untracked 
|  19|0x0000000702100000, 0x0000000702100000, 0x0000000702200000|  0%| F|  |TAMS 0x0000000702100000, 0x0000000702100000| Untracked 
|  20|0x0000000702200000, 0x0000000702200000, 0x0000000702300000|  0%| F|  |TAMS 0x0000000702200000, 0x0000000702200000| Untracked 
|  21|0x0000000702300000, 0x0000000702300000, 0x0000000702400000|  0%| F|  |TAMS 0x0000000702300000, 0x0000000702300000| Untracked 
|  22|0x0000000702400000, 0x0000000702400000, 0x0000000702500000|  0%| F|  |TAMS 0x0000000702400000, 0x0000000702400000| Untracked 
|  23|0x0000000702500000, 0x0000000702500000, 0x0000000702600000|  0%| F|  |TAMS 0x0000000702500000, 0x0000000702500000| Untracked 
|  24|0x0000000702600000, 0x0000000702600000, 0x0000000702700000|  0%| F|  |TAMS 0x0000000702600000, 0x0000000702600000| Untracked 
|  25|0x0000000702700000, 0x0000000702700000, 0x0000000702800000|  0%| F|  |TAMS 0x0000000702700000, 0x0000000702700000| Untracked 
|  26|0x0000000702800000, 0x0000000702800000, 0x0000000702900000|  0%| F|  |TAMS 0x0000000702800000, 0x0000000702800000| Untracked 
|  27|0x0000000702900000, 0x0000000702900000, 0x0000000702a00000|  0%| F|  |TAMS 0x0000000702900000, 0x0000000702900000| Untracked 
|  28|0x0000000702a00000, 0x0000000702a00000, 0x0000000702b00000|  0%| F|  |TAMS 0x0000000702a00000, 0x0000000702a00000| Untracked 
|  29|0x0000000702b00000, 0x0000000702b00000, 0x0000000702c00000|  0%| F|  |TAMS 0x0000000702b00000, 0x0000000702b00000| Untracked 
|  30|0x0000000702c00000, 0x0000000702c00000, 0x0000000702d00000|  0%| F|  |TAMS 0x0000000702c00000, 0x0000000702c00000| Untracked 
|  31|0x0000000702d00000, 0x0000000702d00000, 0x0000000702e00000|  0%| F|  |TAMS 0x0000000702d00000, 0x0000000702d00000| Untracked 
|  32|0x0000000702e00000, 0x0000000702e00000, 0x0000000702f00000|  0%| F|  |TAMS 0x0000000702e00000, 0x0000000702e00000| Untracked 
|  33|0x0000000702f00000, 0x0000000702f00000, 0x0000000703000000|  0%| F|  |TAMS 0x0000000702f00000, 0x0000000702f00000| Untracked 
|  34|0x0000000703000000, 0x0000000703000000, 0x0000000703100000|  0%| F|  |TAMS 0x0000000703000000, 0x0000000703000000| Untracked 
|  35|0x0000000703100000, 0x0000000703100000, 0x0000000703200000|  0%| F|  |TAMS 0x0000000703100000, 0x0000000703100000| Untracked 
|  36|0x0000000703200000, 0x0000000703200000, 0x0000000703300000|  0%| F|  |TAMS 0x0000000703200000, 0x0000000703200000| Untracked 
|  37|0x0000000703300000, 0x0000000703300000, 0x0000000703400000|  0%| F|  |TAMS 0x0000000703300000, 0x0000000703300000| Untracked 
|  38|0x0000000703400000, 0x0000000703400000, 0x0000000703500000|  0%| F|  |TAMS 0x0000000703400000, 0x0000000703400000| Untracked 
|  39|0x0000000703500000, 0x0000000703500000, 0x0000000703600000|  0%| F|  |TAMS 0x0000000703500000, 0x0000000703500000| Untracked 
|  40|0x0000000703600000, 0x0000000703600000, 0x0000000703700000|  0%| F|  |TAMS 0x0000000703600000, 0x0000000703600000| Untracked 
|  41|0x0000000703700000, 0x0000000703700000, 0x0000000703800000|  0%| F|  |TAMS 0x0000000703700000, 0x0000000703700000| Untracked 
|  42|0x0000000703800000, 0x0000000703800000, 0x0000000703900000|  0%| F|  |TAMS 0x0000000703800000, 0x0000000703800000| Untracked 
|  43|0x0000000703900000, 0x0000000703900000, 0x0000000703a00000|  0%| F|  |TAMS 0x0000000703900000, 0x0000000703900000| Untracked 
|  44|0x0000000703a00000, 0x0000000703a00000, 0x0000000703b00000|  0%| F|  |TAMS 0x0000000703a00000, 0x0000000703a00000| Untracked 
|  45|0x0000000703b00000, 0x0000000703b00000, 0x0000000703c00000|  0%| F|  |TAMS 0x0000000703b00000, 0x0000000703b00000| Untracked 
|  46|0x0000000703c00000, 0x0000000703c00000, 0x0000000703d00000|  0%| F|  |TAMS 0x0000000703c00000, 0x0000000703c00000| Untracked 
|  47|0x0000000703d00000, 0x0000000703d00000, 0x0000000703e00000|  0%| F|  |TAMS 0x0000000703d00000, 0x0000000703d00000| Untracked 
|  48|0x0000000703e00000, 0x0000000703e00000, 0x0000000703f00000|  0%| F|  |TAMS 0x0000000703e00000, 0x0000000703e00000| Untracked 
|  49|0x0000000703f00000, 0x0000000703f00000, 0x0000000704000000|  0%| F|  |TAMS 0x0000000703f00000, 0x0000000703f00000| Untracked 
|  50|0x0000000704000000, 0x0000000704000000, 0x0000000704100000|  0%| F|  |TAMS 0x0000000704000000, 0x0000000704000000| Untracked 
|  51|0x0000000704100000, 0x0000000704100000, 0x0000000704200000|  0%| F|  |TAMS 0x0000000704100000, 0x0000000704100000| Untracked 
|  52|0x0000000704200000, 0x0000000704200000, 0x0000000704300000|  0%| F|  |TAMS 0x0000000704200000, 0x0000000704200000| Untracked 
|  53|0x0000000704300000, 0x0000000704300000, 0x0000000704400000|  0%| F|  |TAMS 0x0000000704300000, 0x0000000704300000| Untracked 
|  54|0x0000000704400000, 0x0000000704400000, 0x0000000704500000|  0%| F|  |TAMS 0x0000000704400000, 0x0000000704400000| Untracked 
|  55|0x0000000704500000, 0x0000000704500000, 0x0000000704600000|  0%| F|  |TAMS 0x0000000704500000, 0x0000000704500000| Untracked 
|  56|0x0000000704600000, 0x0000000704600000, 0x0000000704700000|  0%| F|  |TAMS 0x0000000704600000, 0x0000000704600000| Untracked 
|  57|0x0000000704700000, 0x0000000704700000, 0x0000000704800000|  0%| F|  |TAMS 0x0000000704700000, 0x0000000704700000| Untracked 
|  58|0x0000000704800000, 0x0000000704800000, 0x0000000704900000|  0%| F|  |TAMS 0x0000000704800000, 0x0000000704800000| Untracked 
|  59|0x0000000704900000, 0x0000000704900000, 0x0000000704a00000|  0%| F|  |TAMS 0x0000000704900000, 0x0000000704900000| Untracked 
|  60|0x0000000704a00000, 0x0000000704a00000, 0x0000000704b00000|  0%| F|  |TAMS 0x0000000704a00000, 0x0000000704a00000| Untracked 
|  61|0x0000000704b00000, 0x0000000704b00000, 0x0000000704c00000|  0%| F|  |TAMS 0x0000000704b00000, 0x0000000704b00000| Untracked 
|  62|0x0000000704c00000, 0x0000000704c00000, 0x0000000704d00000|  0%| F|  |TAMS 0x0000000704c00000, 0x0000000704c00000| Untracked 
|  63|0x0000000704d00000, 0x0000000704d00000, 0x0000000704e00000|  0%| F|  |TAMS 0x0000000704d00000, 0x0000000704d00000| Untracked 
|  64|0x0000000704e00000, 0x0000000704e00000, 0x0000000704f00000|  0%| F|  |TAMS 0x0000000704e00000, 0x0000000704e00000| Untracked 
|  65|0x0000000704f00000, 0x0000000704f00000, 0x0000000705000000|  0%| F|  |TAMS 0x0000000704f00000, 0x0000000704f00000| Untracked 
|  66|0x0000000705000000, 0x0000000705000000, 0x0000000705100000|  0%| F|  |TAMS 0x0000000705000000, 0x0000000705000000| Untracked 
|  67|0x0000000705100000, 0x0000000705100000, 0x0000000705200000|  0%| F|  |TAMS 0x0000000705100000, 0x0000000705100000| Untracked 
|  68|0x0000000705200000, 0x0000000705200000, 0x0000000705300000|  0%| F|  |TAMS 0x0000000705200000, 0x0000000705200000| Untracked 
|  69|0x0000000705300000, 0x0000000705300000, 0x0000000705400000|  0%| F|  |TAMS 0x0000000705300000, 0x0000000705300000| Untracked 
|  70|0x0000000705400000, 0x0000000705400000, 0x0000000705500000|  0%| F|  |TAMS 0x0000000705400000, 0x0000000705400000| Untracked 
|  71|0x0000000705500000, 0x0000000705500000, 0x0000000705600000|  0%| F|  |TAMS 0x0000000705500000, 0x0000000705500000| Untracked 
|  72|0x0000000705600000, 0x0000000705600000, 0x0000000705700000|  0%| F|  |TAMS 0x0000000705600000, 0x0000000705600000| Untracked 
|  73|0x0000000705700000, 0x0000000705700000, 0x0000000705800000|  0%| F|  |TAMS 0x0000000705700000, 0x0000000705700000| Untracked 
|  74|0x0000000705800000, 0x0000000705800000, 0x0000000705900000|  0%| F|  |TAMS 0x0000000705800000, 0x0000000705800000| Untracked 
|  75|0x0000000705900000, 0x0000000705900000, 0x0000000705a00000|  0%| F|  |TAMS 0x0000000705900000, 0x0000000705900000| Untracked 
|  76|0x0000000705a00000, 0x0000000705a00000, 0x0000000705b00000|  0%| F|  |TAMS 0x0000000705a00000, 0x0000000705a00000| Untracked 
|  77|0x0000000705b00000, 0x0000000705b00000, 0x0000000705c00000|  0%| F|  |TAMS 0x0000000705b00000, 0x0000000705b00000| Untracked 
|  78|0x0000000705c00000, 0x0000000705c00000, 0x0000000705d00000|  0%| F|  |TAMS 0x0000000705c00000, 0x0000000705c00000| Untracked 
|  79|0x0000000705d00000, 0x0000000705d00000, 0x0000000705e00000|  0%| F|  |TAMS 0x0000000705d00000, 0x0000000705d00000| Untracked 
|  80|0x0000000705e00000, 0x0000000705e00000, 0x0000000705f00000|  0%| F|  |TAMS 0x0000000705e00000, 0x0000000705e00000| Untracked 
|  81|0x0000000705f00000, 0x0000000705f00000, 0x0000000706000000|  0%| F|  |TAMS 0x0000000705f00000, 0x0000000705f00000| Untracked 
|  82|0x0000000706000000, 0x0000000706000000, 0x0000000706100000|  0%| F|  |TAMS 0x0000000706000000, 0x0000000706000000| Untracked 
|  83|0x0000000706100000, 0x0000000706100000, 0x0000000706200000|  0%| F|  |TAMS 0x0000000706100000, 0x0000000706100000| Untracked 
|  84|0x0000000706200000, 0x0000000706200000, 0x0000000706300000|  0%| F|  |TAMS 0x0000000706200000, 0x0000000706200000| Untracked 
|  85|0x0000000706300000, 0x0000000706300000, 0x0000000706400000|  0%| F|  |TAMS 0x0000000706300000, 0x0000000706300000| Untracked 
|  86|0x0000000706400000, 0x0000000706400000, 0x0000000706500000|  0%| F|  |TAMS 0x0000000706400000, 0x0000000706400000| Untracked 
|  87|0x0000000706500000, 0x0000000706500000, 0x0000000706600000|  0%| F|  |TAMS 0x0000000706500000, 0x0000000706500000| Untracked 
|  88|0x0000000706600000, 0x0000000706600000, 0x0000000706700000|  0%| F|  |TAMS 0x0000000706600000, 0x0000000706600000| Untracked 
|  89|0x0000000706700000, 0x0000000706700000, 0x0000000706800000|  0%| F|  |TAMS 0x0000000706700000, 0x0000000706700000| Untracked 
|  90|0x0000000706800000, 0x0000000706800000, 0x0000000706900000|  0%| F|  |TAMS 0x0000000706800000, 0x0000000706800000| Untracked 
|  91|0x0000000706900000, 0x0000000706900000, 0x0000000706a00000|  0%| F|  |TAMS 0x0000000706900000, 0x0000000706900000| Untracked 
|  92|0x0000000706a00000, 0x0000000706a00000, 0x0000000706b00000|  0%| F|  |TAMS 0x0000000706a00000, 0x0000000706a00000| Untracked 
|  93|0x0000000706b00000, 0x0000000706b00000, 0x0000000706c00000|  0%| F|  |TAMS 0x0000000706b00000, 0x0000000706b00000| Untracked 
|  94|0x0000000706c00000, 0x0000000706c56d90, 0x0000000706d00000| 33%| S|CS|TAMS 0x0000000706c00000, 0x0000000706c00000| Complete 
|  95|0x0000000706d00000, 0x0000000706d00000, 0x0000000706e00000|  0%| F|  |TAMS 0x0000000706d00000, 0x0000000706d00000| Untracked 
|  96|0x0000000706e00000, 0x0000000706e00000, 0x0000000706f00000|  0%| F|  |TAMS 0x0000000706e00000, 0x0000000706e00000| Untracked 
|  97|0x0000000706f00000, 0x0000000706f00000, 0x0000000707000000|  0%| F|  |TAMS 0x0000000706f00000, 0x0000000706f00000| Untracked 
|  98|0x0000000707000000, 0x0000000707100000, 0x0000000707100000|100%| S|CS|TAMS 0x0000000707000000, 0x0000000707000000| Complete 
|  99|0x0000000707100000, 0x0000000707200000, 0x0000000707200000|100%| S|CS|TAMS 0x0000000707100000, 0x0000000707100000| Complete 
| 100|0x0000000707200000, 0x0000000707300000, 0x0000000707300000|100%| S|CS|TAMS 0x0000000707200000, 0x0000000707200000| Complete 
| 101|0x0000000707300000, 0x0000000707400000, 0x0000000707400000|100%| S|CS|TAMS 0x0000000707300000, 0x0000000707300000| Complete 
| 102|0x0000000707400000, 0x0000000707500000, 0x0000000707500000|100%| S|CS|TAMS 0x0000000707400000, 0x0000000707400000| Complete 
| 103|0x0000000707500000, 0x0000000707500000, 0x0000000707600000|  0%| F|  |TAMS 0x0000000707500000, 0x0000000707500000| Untracked 
| 104|0x0000000707600000, 0x0000000707600000, 0x0000000707700000|  0%| F|  |TAMS 0x0000000707600000, 0x0000000707600000| Untracked 
| 105|0x0000000707700000, 0x0000000707700000, 0x0000000707800000|  0%| F|  |TAMS 0x0000000707700000, 0x0000000707700000| Untracked 
| 106|0x0000000707800000, 0x0000000707800000, 0x0000000707900000|  0%| F|  |TAMS 0x0000000707800000, 0x0000000707800000| Untracked 
| 107|0x0000000707900000, 0x0000000707900000, 0x0000000707a00000|  0%| F|  |TAMS 0x0000000707900000, 0x0000000707900000| Untracked 
| 108|0x0000000707a00000, 0x0000000707b00000, 0x0000000707b00000|100%| S|CS|TAMS 0x0000000707a00000, 0x0000000707a00000| Complete 
| 109|0x0000000707b00000, 0x0000000707c00000, 0x0000000707c00000|100%| S|CS|TAMS 0x0000000707b00000, 0x0000000707b00000| Complete 
| 110|0x0000000707c00000, 0x0000000707d00000, 0x0000000707d00000|100%| S|CS|TAMS 0x0000000707c00000, 0x0000000707c00000| Complete 
| 111|0x0000000707d00000, 0x0000000707d00000, 0x0000000707e00000|  0%| F|  |TAMS 0x0000000707d00000, 0x0000000707d00000| Untracked 
| 112|0x0000000707e00000, 0x0000000707e00000, 0x0000000707f00000|  0%| F|  |TAMS 0x0000000707e00000, 0x0000000707e00000| Untracked 
| 113|0x0000000707f00000, 0x0000000707f00000, 0x0000000708000000|  0%| F|  |TAMS 0x0000000707f00000, 0x0000000707f00000| Untracked 
| 114|0x0000000708000000, 0x0000000708000000, 0x0000000708100000|  0%| F|  |TAMS 0x0000000708000000, 0x0000000708000000| Untracked 
| 115|0x0000000708100000, 0x0000000708100000, 0x0000000708200000|  0%| F|  |TAMS 0x0000000708100000, 0x0000000708100000| Untracked 
| 116|0x0000000708200000, 0x0000000708200000, 0x0000000708300000|  0%| F|  |TAMS 0x0000000708200000, 0x0000000708200000| Untracked 
| 117|0x0000000708300000, 0x0000000708300000, 0x0000000708400000|  0%| F|  |TAMS 0x0000000708300000, 0x0000000708300000| Untracked 
| 118|0x0000000708400000, 0x0000000708400000, 0x0000000708500000|  0%| F|  |TAMS 0x0000000708400000, 0x0000000708400000| Untracked 
| 119|0x0000000708500000, 0x0000000708500000, 0x0000000708600000|  0%| F|  |TAMS 0x0000000708500000, 0x0000000708500000| Untracked 
| 120|0x0000000708600000, 0x0000000708600000, 0x0000000708700000|  0%| F|  |TAMS 0x0000000708600000, 0x0000000708600000| Untracked 
| 121|0x0000000708700000, 0x0000000708700000, 0x0000000708800000|  0%| F|  |TAMS 0x0000000708700000, 0x0000000708700000| Untracked 
| 122|0x0000000708800000, 0x0000000708800000, 0x0000000708900000|  0%| F|  |TAMS 0x0000000708800000, 0x0000000708800000| Untracked 
| 123|0x0000000708900000, 0x0000000708900000, 0x0000000708a00000|  0%| F|  |TAMS 0x0000000708900000, 0x0000000708900000| Untracked 
| 124|0x0000000708a00000, 0x0000000708a00000, 0x0000000708b00000|  0%| F|  |TAMS 0x0000000708a00000, 0x0000000708a00000| Untracked 
| 125|0x0000000708b00000, 0x0000000708b00000, 0x0000000708c00000|  0%| F|  |TAMS 0x0000000708b00000, 0x0000000708b00000| Untracked 
| 126|0x0000000708c00000, 0x0000000708c00000, 0x0000000708d00000|  0%| F|  |TAMS 0x0000000708c00000, 0x0000000708c00000| Untracked 
| 127|0x0000000708d00000, 0x0000000708d00000, 0x0000000708e00000|  0%| F|  |TAMS 0x0000000708d00000, 0x0000000708d00000| Untracked 
| 128|0x0000000708e00000, 0x0000000708e00000, 0x0000000708f00000|  0%| F|  |TAMS 0x0000000708e00000, 0x0000000708e00000| Untracked 
| 129|0x0000000708f00000, 0x0000000708f00000, 0x0000000709000000|  0%| F|  |TAMS 0x0000000708f00000, 0x0000000708f00000| Untracked 
| 130|0x0000000709000000, 0x0000000709000000, 0x0000000709100000|  0%| F|  |TAMS 0x0000000709000000, 0x0000000709000000| Untracked 
| 131|0x0000000709100000, 0x0000000709100000, 0x0000000709200000|  0%| F|  |TAMS 0x0000000709100000, 0x0000000709100000| Untracked 
| 132|0x0000000709200000, 0x0000000709200000, 0x0000000709300000|  0%| F|  |TAMS 0x0000000709200000, 0x0000000709200000| Untracked 
| 133|0x0000000709300000, 0x0000000709300000, 0x0000000709400000|  0%| F|  |TAMS 0x0000000709300000, 0x0000000709300000| Untracked 
| 134|0x0000000709400000, 0x0000000709400000, 0x0000000709500000|  0%| F|  |TAMS 0x0000000709400000, 0x0000000709400000| Untracked 
| 135|0x0000000709500000, 0x0000000709500000, 0x0000000709600000|  0%| F|  |TAMS 0x0000000709500000, 0x0000000709500000| Untracked 
| 136|0x0000000709600000, 0x0000000709600000, 0x0000000709700000|  0%| F|  |TAMS 0x0000000709600000, 0x0000000709600000| Untracked 
| 137|0x0000000709700000, 0x0000000709700000, 0x0000000709800000|  0%| F|  |TAMS 0x0000000709700000, 0x0000000709700000| Untracked 
| 138|0x0000000709800000, 0x0000000709800000, 0x0000000709900000|  0%| F|  |TAMS 0x0000000709800000, 0x0000000709800000| Untracked 
| 139|0x0000000709900000, 0x0000000709900000, 0x0000000709a00000|  0%| F|  |TAMS 0x0000000709900000, 0x0000000709900000| Untracked 
| 140|0x0000000709a00000, 0x0000000709a00000, 0x0000000709b00000|  0%| F|  |TAMS 0x0000000709a00000, 0x0000000709a00000| Untracked 
| 141|0x0000000709b00000, 0x0000000709b00000, 0x0000000709c00000|  0%| F|  |TAMS 0x0000000709b00000, 0x0000000709b00000| Untracked 
| 142|0x0000000709c00000, 0x0000000709c00000, 0x0000000709d00000|  0%| F|  |TAMS 0x0000000709c00000, 0x0000000709c00000| Untracked 
| 143|0x0000000709d00000, 0x0000000709d00000, 0x0000000709e00000|  0%| F|  |TAMS 0x0000000709d00000, 0x0000000709d00000| Untracked 
| 144|0x0000000709e00000, 0x0000000709e00000, 0x0000000709f00000|  0%| F|  |TAMS 0x0000000709e00000, 0x0000000709e00000| Untracked 
| 145|0x0000000709f00000, 0x0000000709f00000, 0x000000070a000000|  0%| F|  |TAMS 0x0000000709f00000, 0x0000000709f00000| Untracked 
| 146|0x000000070a000000, 0x000000070a000000, 0x000000070a100000|  0%| F|  |TAMS 0x000000070a000000, 0x000000070a000000| Untracked 
| 147|0x000000070a100000, 0x000000070a100000, 0x000000070a200000|  0%| F|  |TAMS 0x000000070a100000, 0x000000070a100000| Untracked 
| 148|0x000000070a200000, 0x000000070a200000, 0x000000070a300000|  0%| F|  |TAMS 0x000000070a200000, 0x000000070a200000| Untracked 
| 149|0x000000070a300000, 0x000000070a300000, 0x000000070a400000|  0%| F|  |TAMS 0x000000070a300000, 0x000000070a300000| Untracked 
| 150|0x000000070a400000, 0x000000070a400000, 0x000000070a500000|  0%| F|  |TAMS 0x000000070a400000, 0x000000070a400000| Untracked 
| 151|0x000000070a500000, 0x000000070a500000, 0x000000070a600000|  0%| F|  |TAMS 0x000000070a500000, 0x000000070a500000| Untracked 
| 152|0x000000070a600000, 0x000000070a600000, 0x000000070a700000|  0%| F|  |TAMS 0x000000070a600000, 0x000000070a600000| Untracked 
| 153|0x000000070a700000, 0x000000070a700000, 0x000000070a800000|  0%| F|  |TAMS 0x000000070a700000, 0x000000070a700000| Untracked 
| 154|0x000000070a800000, 0x000000070a800000, 0x000000070a900000|  0%| F|  |TAMS 0x000000070a800000, 0x000000070a800000| Untracked 
| 155|0x000000070a900000, 0x000000070a900000, 0x000000070aa00000|  0%| F|  |TAMS 0x000000070a900000, 0x000000070a900000| Untracked 
| 156|0x000000070aa00000, 0x000000070aa00000, 0x000000070ab00000|  0%| F|  |TAMS 0x000000070aa00000, 0x000000070aa00000| Untracked 
| 157|0x000000070ab00000, 0x000000070ab00000, 0x000000070ac00000|  0%| F|  |TAMS 0x000000070ab00000, 0x000000070ab00000| Untracked 
| 158|0x000000070ac00000, 0x000000070ac00000, 0x000000070ad00000|  0%| F|  |TAMS 0x000000070ac00000, 0x000000070ac00000| Untracked 
| 159|0x000000070ad00000, 0x000000070ad00000, 0x000000070ae00000|  0%| F|  |TAMS 0x000000070ad00000, 0x000000070ad00000| Untracked 
| 160|0x000000070ae00000, 0x000000070ae00000, 0x000000070af00000|  0%| F|  |TAMS 0x000000070ae00000, 0x000000070ae00000| Untracked 
| 161|0x000000070af00000, 0x000000070af00000, 0x000000070b000000|  0%| F|  |TAMS 0x000000070af00000, 0x000000070af00000| Untracked 
| 162|0x000000070b000000, 0x000000070b000000, 0x000000070b100000|  0%| F|  |TAMS 0x000000070b000000, 0x000000070b000000| Untracked 
| 163|0x000000070b100000, 0x000000070b100000, 0x000000070b200000|  0%| F|  |TAMS 0x000000070b100000, 0x000000070b100000| Untracked 
| 164|0x000000070b200000, 0x000000070b200000, 0x000000070b300000|  0%| F|  |TAMS 0x000000070b200000, 0x000000070b200000| Untracked 
| 165|0x000000070b300000, 0x000000070b300000, 0x000000070b400000|  0%| F|  |TAMS 0x000000070b300000, 0x000000070b300000| Untracked 
| 166|0x000000070b400000, 0x000000070b400000, 0x000000070b500000|  0%| F|  |TAMS 0x000000070b400000, 0x000000070b400000| Untracked 
| 167|0x000000070b500000, 0x000000070b500000, 0x000000070b600000|  0%| F|  |TAMS 0x000000070b500000, 0x000000070b500000| Untracked 
| 168|0x000000070b600000, 0x000000070b600000, 0x000000070b700000|  0%| F|  |TAMS 0x000000070b600000, 0x000000070b600000| Untracked 
| 169|0x000000070b700000, 0x000000070b700000, 0x000000070b800000|  0%| F|  |TAMS 0x000000070b700000, 0x000000070b700000| Untracked 
| 170|0x000000070b800000, 0x000000070b800000, 0x000000070b900000|  0%| F|  |TAMS 0x000000070b800000, 0x000000070b800000| Untracked 
| 171|0x000000070b900000, 0x000000070b900000, 0x000000070ba00000|  0%| F|  |TAMS 0x000000070b900000, 0x000000070b900000| Untracked 
| 172|0x000000070ba00000, 0x000000070ba00000, 0x000000070bb00000|  0%| F|  |TAMS 0x000000070ba00000, 0x000000070ba00000| Untracked 
| 173|0x000000070bb00000, 0x000000070bb00000, 0x000000070bc00000|  0%| F|  |TAMS 0x000000070bb00000, 0x000000070bb00000| Untracked 
| 174|0x000000070bc00000, 0x000000070bc00000, 0x000000070bd00000|  0%| F|  |TAMS 0x000000070bc00000, 0x000000070bc00000| Untracked 
| 175|0x000000070bd00000, 0x000000070bd00000, 0x000000070be00000|  0%| F|  |TAMS 0x000000070bd00000, 0x000000070bd00000| Untracked 
| 176|0x000000070be00000, 0x000000070be00000, 0x000000070bf00000|  0%| F|  |TAMS 0x000000070be00000, 0x000000070be00000| Untracked 
| 177|0x000000070bf00000, 0x000000070bf00000, 0x000000070c000000|  0%| F|  |TAMS 0x000000070bf00000, 0x000000070bf00000| Untracked 
| 178|0x000000070c000000, 0x000000070c000000, 0x000000070c100000|  0%| F|  |TAMS 0x000000070c000000, 0x000000070c000000| Untracked 
| 179|0x000000070c100000, 0x000000070c100000, 0x000000070c200000|  0%| F|  |TAMS 0x000000070c100000, 0x000000070c100000| Untracked 
| 180|0x000000070c200000, 0x000000070c200000, 0x000000070c300000|  0%| F|  |TAMS 0x000000070c200000, 0x000000070c200000| Untracked 
| 181|0x000000070c300000, 0x000000070c300000, 0x000000070c400000|  0%| F|  |TAMS 0x000000070c300000, 0x000000070c300000| Untracked 
| 182|0x000000070c400000, 0x000000070c400000, 0x000000070c500000|  0%| F|  |TAMS 0x000000070c400000, 0x000000070c400000| Untracked 
| 183|0x000000070c500000, 0x000000070c500000, 0x000000070c600000|  0%| F|  |TAMS 0x000000070c500000, 0x000000070c500000| Untracked 
| 184|0x000000070c600000, 0x000000070c600000, 0x000000070c700000|  0%| F|  |TAMS 0x000000070c600000, 0x000000070c600000| Untracked 
| 185|0x000000070c700000, 0x000000070c700000, 0x000000070c800000|  0%| F|  |TAMS 0x000000070c700000, 0x000000070c700000| Untracked 
| 186|0x000000070c800000, 0x000000070c800000, 0x000000070c900000|  0%| F|  |TAMS 0x000000070c800000, 0x000000070c800000| Untracked 
| 187|0x000000070c900000, 0x000000070c900000, 0x000000070ca00000|  0%| F|  |TAMS 0x000000070c900000, 0x000000070c900000| Untracked 
| 188|0x000000070ca00000, 0x000000070ca00000, 0x000000070cb00000|  0%| F|  |TAMS 0x000000070ca00000, 0x000000070ca00000| Untracked 
| 189|0x000000070cb00000, 0x000000070cb00000, 0x000000070cc00000|  0%| F|  |TAMS 0x000000070cb00000, 0x000000070cb00000| Untracked 
| 190|0x000000070cc00000, 0x000000070cc00000, 0x000000070cd00000|  0%| F|  |TAMS 0x000000070cc00000, 0x000000070cc00000| Untracked 
| 191|0x000000070cd00000, 0x000000070cd00000, 0x000000070ce00000|  0%| F|  |TAMS 0x000000070cd00000, 0x000000070cd00000| Untracked 
| 192|0x000000070ce00000, 0x000000070ce00000, 0x000000070cf00000|  0%| F|  |TAMS 0x000000070ce00000, 0x000000070ce00000| Untracked 
| 193|0x000000070cf00000, 0x000000070cf00000, 0x000000070d000000|  0%| F|  |TAMS 0x000000070cf00000, 0x000000070cf00000| Untracked 
| 194|0x000000070d000000, 0x000000070d000000, 0x000000070d100000|  0%| F|  |TAMS 0x000000070d000000, 0x000000070d000000| Untracked 
| 195|0x000000070d100000, 0x000000070d100000, 0x000000070d200000|  0%| F|  |TAMS 0x000000070d100000, 0x000000070d100000| Untracked 
| 196|0x000000070d200000, 0x000000070d200000, 0x000000070d300000|  0%| F|  |TAMS 0x000000070d200000, 0x000000070d200000| Untracked 
| 197|0x000000070d300000, 0x000000070d300000, 0x000000070d400000|  0%| F|  |TAMS 0x000000070d300000, 0x000000070d300000| Untracked 
| 198|0x000000070d400000, 0x000000070d400000, 0x000000070d500000|  0%| F|  |TAMS 0x000000070d400000, 0x000000070d400000| Untracked 
| 199|0x000000070d500000, 0x000000070d500000, 0x000000070d600000|  0%| F|  |TAMS 0x000000070d500000, 0x000000070d500000| Untracked 
| 200|0x000000070d600000, 0x000000070d600000, 0x000000070d700000|  0%| F|  |TAMS 0x000000070d600000, 0x000000070d600000| Untracked 
| 201|0x000000070d700000, 0x000000070d700000, 0x000000070d800000|  0%| F|  |TAMS 0x000000070d700000, 0x000000070d700000| Untracked 
| 202|0x000000070d800000, 0x000000070d800000, 0x000000070d900000|  0%| F|  |TAMS 0x000000070d800000, 0x000000070d800000| Untracked 
| 203|0x000000070d900000, 0x000000070d900000, 0x000000070da00000|  0%| F|  |TAMS 0x000000070d900000, 0x000000070d900000| Untracked 
| 204|0x000000070da00000, 0x000000070da00000, 0x000000070db00000|  0%| F|  |TAMS 0x000000070da00000, 0x000000070da00000| Untracked 
| 205|0x000000070db00000, 0x000000070db00000, 0x000000070dc00000|  0%| F|  |TAMS 0x000000070db00000, 0x000000070db00000| Untracked 
| 206|0x000000070dc00000, 0x000000070dc00000, 0x000000070dd00000|  0%| F|  |TAMS 0x000000070dc00000, 0x000000070dc00000| Untracked 
| 207|0x000000070dd00000, 0x000000070dd00000, 0x000000070de00000|  0%| F|  |TAMS 0x000000070dd00000, 0x000000070dd00000| Untracked 
| 208|0x000000070de00000, 0x000000070de00000, 0x000000070df00000|  0%| F|  |TAMS 0x000000070de00000, 0x000000070de00000| Untracked 
| 209|0x000000070df00000, 0x000000070df00000, 0x000000070e000000|  0%| F|  |TAMS 0x000000070df00000, 0x000000070df00000| Untracked 
| 210|0x000000070e000000, 0x000000070e000000, 0x000000070e100000|  0%| F|  |TAMS 0x000000070e000000, 0x000000070e000000| Untracked 
| 211|0x000000070e100000, 0x000000070e100000, 0x000000070e200000|  0%| F|  |TAMS 0x000000070e100000, 0x000000070e100000| Untracked 
| 212|0x000000070e200000, 0x000000070e200000, 0x000000070e300000|  0%| F|  |TAMS 0x000000070e200000, 0x000000070e200000| Untracked 
| 213|0x000000070e300000, 0x000000070e300000, 0x000000070e400000|  0%| F|  |TAMS 0x000000070e300000, 0x000000070e300000| Untracked 
| 214|0x000000070e400000, 0x000000070e400000, 0x000000070e500000|  0%| F|  |TAMS 0x000000070e400000, 0x000000070e400000| Untracked 
| 215|0x000000070e500000, 0x000000070e500000, 0x000000070e600000|  0%| F|  |TAMS 0x000000070e500000, 0x000000070e500000| Untracked 
| 216|0x000000070e600000, 0x000000070e600000, 0x000000070e700000|  0%| F|  |TAMS 0x000000070e600000, 0x000000070e600000| Untracked 
| 217|0x000000070e700000, 0x000000070e700000, 0x000000070e800000|  0%| F|  |TAMS 0x000000070e700000, 0x000000070e700000| Untracked 
| 218|0x000000070e800000, 0x000000070e800000, 0x000000070e900000|  0%| F|  |TAMS 0x000000070e800000, 0x000000070e800000| Untracked 
| 219|0x000000070e900000, 0x000000070e900000, 0x000000070ea00000|  0%| F|  |TAMS 0x000000070e900000, 0x000000070e900000| Untracked 
| 220|0x000000070ea00000, 0x000000070ea00000, 0x000000070eb00000|  0%| F|  |TAMS 0x000000070ea00000, 0x000000070ea00000| Untracked 
| 221|0x000000070eb00000, 0x000000070eb00000, 0x000000070ec00000|  0%| F|  |TAMS 0x000000070eb00000, 0x000000070eb00000| Untracked 
| 222|0x000000070ec00000, 0x000000070ec00000, 0x000000070ed00000|  0%| F|  |TAMS 0x000000070ec00000, 0x000000070ec00000| Untracked 
| 223|0x000000070ed00000, 0x000000070ed00000, 0x000000070ee00000|  0%| F|  |TAMS 0x000000070ed00000, 0x000000070ed00000| Untracked 
| 224|0x000000070ee00000, 0x000000070ee00000, 0x000000070ef00000|  0%| F|  |TAMS 0x000000070ee00000, 0x000000070ee00000| Untracked 
| 225|0x000000070ef00000, 0x000000070ef00000, 0x000000070f000000|  0%| F|  |TAMS 0x000000070ef00000, 0x000000070ef00000| Untracked 
| 226|0x000000070f000000, 0x000000070f000000, 0x000000070f100000|  0%| F|  |TAMS 0x000000070f000000, 0x000000070f000000| Untracked 
| 227|0x000000070f100000, 0x000000070f100000, 0x000000070f200000|  0%| F|  |TAMS 0x000000070f100000, 0x000000070f100000| Untracked 
| 228|0x000000070f200000, 0x000000070f200000, 0x000000070f300000|  0%| F|  |TAMS 0x000000070f200000, 0x000000070f200000| Untracked 
| 229|0x000000070f300000, 0x000000070f300000, 0x000000070f400000|  0%| F|  |TAMS 0x000000070f300000, 0x000000070f300000| Untracked 
| 230|0x000000070f400000, 0x000000070f400000, 0x000000070f500000|  0%| F|  |TAMS 0x000000070f400000, 0x000000070f400000| Untracked 
| 231|0x000000070f500000, 0x000000070f500000, 0x000000070f600000|  0%| F|  |TAMS 0x000000070f500000, 0x000000070f500000| Untracked 
| 232|0x000000070f600000, 0x000000070f600000, 0x000000070f700000|  0%| F|  |TAMS 0x000000070f600000, 0x000000070f600000| Untracked 
| 233|0x000000070f700000, 0x000000070f700000, 0x000000070f800000|  0%| F|  |TAMS 0x000000070f700000, 0x000000070f700000| Untracked 
| 234|0x000000070f800000, 0x000000070f800000, 0x000000070f900000|  0%| F|  |TAMS 0x000000070f800000, 0x000000070f800000| Untracked 
| 235|0x000000070f900000, 0x000000070f900000, 0x000000070fa00000|  0%| F|  |TAMS 0x000000070f900000, 0x000000070f900000| Untracked 
| 236|0x000000070fa00000, 0x000000070fa00000, 0x000000070fb00000|  0%| F|  |TAMS 0x000000070fa00000, 0x000000070fa00000| Untracked 
| 237|0x000000070fb00000, 0x000000070fb00000, 0x000000070fc00000|  0%| F|  |TAMS 0x000000070fb00000, 0x000000070fb00000| Untracked 
| 238|0x000000070fc00000, 0x000000070fc00000, 0x000000070fd00000|  0%| F|  |TAMS 0x000000070fc00000, 0x000000070fc00000| Untracked 
| 239|0x000000070fd00000, 0x000000070fd00000, 0x000000070fe00000|  0%| F|  |TAMS 0x000000070fd00000, 0x000000070fd00000| Untracked 
| 240|0x000000070fe00000, 0x000000070fe00000, 0x000000070ff00000|  0%| F|  |TAMS 0x000000070fe00000, 0x000000070fe00000| Untracked 
| 241|0x000000070ff00000, 0x000000070ff00000, 0x0000000710000000|  0%| F|  |TAMS 0x000000070ff00000, 0x000000070ff00000| Untracked 
| 242|0x0000000710000000, 0x0000000710000000, 0x0000000710100000|  0%| F|  |TAMS 0x0000000710000000, 0x0000000710000000| Untracked 
| 243|0x0000000710100000, 0x0000000710100000, 0x0000000710200000|  0%| F|  |TAMS 0x0000000710100000, 0x0000000710100000| Untracked 
| 244|0x0000000710200000, 0x0000000710200000, 0x0000000710300000|  0%| F|  |TAMS 0x0000000710200000, 0x0000000710200000| Untracked 
| 245|0x0000000710300000, 0x0000000710300000, 0x0000000710400000|  0%| F|  |TAMS 0x0000000710300000, 0x0000000710300000| Untracked 
| 246|0x0000000710400000, 0x0000000710400000, 0x0000000710500000|  0%| F|  |TAMS 0x0000000710400000, 0x0000000710400000| Untracked 
| 247|0x0000000710500000, 0x0000000710500000, 0x0000000710600000|  0%| F|  |TAMS 0x0000000710500000, 0x0000000710500000| Untracked 
| 248|0x0000000710600000, 0x0000000710600000, 0x0000000710700000|  0%| F|  |TAMS 0x0000000710600000, 0x0000000710600000| Untracked 
| 249|0x0000000710700000, 0x0000000710700000, 0x0000000710800000|  0%| F|  |TAMS 0x0000000710700000, 0x0000000710700000| Untracked 
| 250|0x0000000710800000, 0x0000000710800000, 0x0000000710900000|  0%| F|  |TAMS 0x0000000710800000, 0x0000000710800000| Untracked 
| 251|0x0000000710900000, 0x0000000710900000, 0x0000000710a00000|  0%| F|  |TAMS 0x0000000710900000, 0x0000000710900000| Untracked 
| 252|0x0000000710a00000, 0x0000000710a00000, 0x0000000710b00000|  0%| F|  |TAMS 0x0000000710a00000, 0x0000000710a00000| Untracked 
| 253|0x0000000710b00000, 0x0000000710b00000, 0x0000000710c00000|  0%| F|  |TAMS 0x0000000710b00000, 0x0000000710b00000| Untracked 
| 254|0x0000000710c00000, 0x0000000710c00000, 0x0000000710d00000|  0%| F|  |TAMS 0x0000000710c00000, 0x0000000710c00000| Untracked 
| 255|0x0000000710d00000, 0x0000000710d00000, 0x0000000710e00000|  0%| F|  |TAMS 0x0000000710d00000, 0x0000000710d00000| Untracked 

Card table byte_map: [0x000002bc72dd0000,0x000002bc735d0000] _byte_map_base: 0x000002bc6f5c9000

Marking Bits (Prev, Next): (CMBitMap*) 0x000002bc58fe8c88, (CMBitMap*) 0x000002bc58fe8cc8
 Prev Bits: [0x000002bc73dd0000, 0x000002bc77d98000)
 Next Bits: [0x000002bc77da0000, 0x000002bc7bd68000)

Polling page: 0x000002bc58df0000

Metaspace:

Usage:
  Non-class:     15.79 MB capacity,    15.52 MB ( 98%) used,   249.94 KB (  2%) free+waste,    33.06 KB ( <1%) overhead. 
      Class:      3.02 MB capacity,     2.86 MB ( 95%) used,   148.74 KB (  5%) free+waste,    17.00 KB ( <1%) overhead. 
       Both:     18.81 MB capacity,    18.38 MB ( 98%) used,   398.68 KB (  2%) free+waste,    50.06 KB ( <1%) overhead. 

Virtual space:
  Non-class space:       16.00 MB reserved,      16.00 MB (100%) committed 
      Class space:        1.00 GB reserved,       3.13 MB ( <1%) committed 
             Both:        1.02 GB reserved,      19.13 MB (  2%) committed 

Chunk freelists:
   Non-Class:  2.25 KB
       Class:  1.63 KB
        Both:  3.88 KB

CodeHeap 'non-profiled nmethods': size=120000Kb used=1876Kb max_used=1876Kb free=118123Kb
 bounds [0x000002bc6a630000, 0x000002bc6a8a0000, 0x000002bc71b60000]
CodeHeap 'profiled nmethods': size=120000Kb used=6433Kb max_used=6433Kb free=113566Kb
 bounds [0x000002bc63100000, 0x000002bc63750000, 0x000002bc6a630000]
CodeHeap 'non-nmethods': size=5760Kb used=1152Kb max_used=1199Kb free=4607Kb
 bounds [0x000002bc62b60000, 0x000002bc62dd0000, 0x000002bc63100000]
 total_blobs=4335 nmethods=3032 adapters=379
 compilation: enabled
              stopped_count=0, restarted_count=0
 full_count=0

Compilation events (10 events):
Event: 2.931 Thread 0x000002bc7fced800 3118       4       org.powermock.reflect.internal.proxy.UnproxiedTypeFactory$UnproxiedTypeImpl::<init> (6 bytes)
Event: 2.932 Thread 0x000002bc7f403000 nmethod 3116 0x000002bc6a7f2510 code [0x000002bc6a7f2860, 0x000002bc6a7f5300]
Event: 2.932 Thread 0x000002bc7f403000 3117       4       java.util.Random::nextDouble (24 bytes)
Event: 2.933 Thread 0x000002bc7fced800 nmethod 3118 0x000002bc6a7f6b90 code [0x000002bc6a7f6d40, 0x000002bc6a7f6fb8]
Event: 2.933 Thread 0x000002bc7fced800 3086       4       java.lang.Class::reflectionData (43 bytes)
Event: 2.934 Thread 0x000002bc7f403000 nmethod 3117 0x000002bc6a7f7090 code [0x000002bc6a7f7260, 0x000002bc6a7f73f8]
Event: 2.939 Thread 0x000002bc7fced800 nmethod 3086 0x000002bc6a7f7590 code [0x000002bc6a7f7780, 0x000002bc6a7f8158]
Event: 2.965 Thread 0x000002bc7f403000 3121 %     4       au.edu.sydney.cpa.erp.feaa.reports.ReportDatabase::getReportData @ 142 (238 bytes)
Event: 2.968 Thread 0x000002bc7f403000 nmethod 3121% 0x000002bc6a7f8490 code [0x000002bc6a7f86a0, 0x000002bc6a7f8a98]
Event: 3.068 Thread 0x000002bc7e91b000 nmethod 3106 0x000002bc6a7f8e10 code [0x000002bc6a7f92e0, 0x000002bc6a7ff258]

GC Heap History (10 events):
Event: 3.134 GC heap after
{Heap after GC invocations=9 (full 0):
 garbage-first heap   total 262144K, used 13410K [0x0000000700e00000, 0x0000000800000000)
  region size 1024K, 9 young (9216K), 9 survivors (9216K)
 Metaspace       used 18816K, capacity 19265K, committed 19584K, reserved 1064960K
  class space    used 2925K, capacity 3091K, committed 3200K, reserved 1048576K
}
Event: 3.173 GC heap before
{Heap before GC invocations=9 (full 0):
 garbage-first heap   total 262144K, used 160866K [0x0000000700e00000, 0x0000000800000000)
  region size 1024K, 153 young (156672K), 9 survivors (9216K)
 Metaspace       used 18816K, capacity 19265K, committed 19584K, reserved 1064960K
  class space    used 2925K, capacity 3091K, committed 3200K, reserved 1048576K
}
Event: 3.181 GC heap after
{Heap after GC invocations=10 (full 0):
 garbage-first heap   total 262144K, used 13061K [0x0000000700e00000, 0x0000000800000000)
  region size 1024K, 8 young (8192K), 8 survivors (8192K)
 Metaspace       used 18816K, capacity 19265K, committed 19584K, reserved 1064960K
  class space    used 2925K, capacity 3091K, committed 3200K, reserved 1048576K
}
Event: 3.220 GC heap before
{Heap before GC invocations=10 (full 0):
 garbage-first heap   total 262144K, used 161541K [0x0000000700e00000, 0x0000000800000000)
  region size 1024K, 153 young (156672K), 8 survivors (8192K)
 Metaspace       used 18816K, capacity 19265K, committed 19584K, reserved 1064960K
  class space    used 2925K, capacity 3091K, committed 3200K, reserved 1048576K
}
Event: 3.230 GC heap after
{Heap after GC invocations=11 (full 0):
 garbage-first heap   total 262144K, used 13071K [0x0000000700e00000, 0x0000000800000000)
  region size 1024K, 8 young (8192K), 8 survivors (8192K)
 Metaspace       used 18816K, capacity 19265K, committed 19584K, reserved 1064960K
  class space    used 2925K, capacity 3091K, committed 3200K, reserved 1048576K
}
Event: 3.270 GC heap before
{Heap before GC invocations=11 (full 0):
 garbage-first heap   total 262144K, used 161551K [0x0000000700e00000, 0x0000000800000000)
  region size 1024K, 153 young (156672K), 8 survivors (8192K)
 Metaspace       used 18816K, capacity 19265K, committed 19584K, reserved 1064960K
  class space    used 2925K, capacity 3091K, committed 3200K, reserved 1048576K
}
Event: 3.279 GC heap after
{Heap after GC invocations=12 (full 0):
 garbage-first heap   total 262144K, used 12903K [0x0000000700e00000, 0x0000000800000000)
  region size 1024K, 8 young (8192K), 8 survivors (8192K)
 Metaspace       used 18816K, capacity 19265K, committed 19584K, reserved 1064960K
  class space    used 2925K, capacity 3091K, committed 3200K, reserved 1048576K
}
Event: 3.319 GC heap before
{Heap before GC invocations=12 (full 0):
 garbage-first heap   total 262144K, used 161383K [0x0000000700e00000, 0x0000000800000000)
  region size 1024K, 153 young (156672K), 8 survivors (8192K)
 Metaspace       used 18816K, capacity 19265K, committed 19584K, reserved 1064960K
  class space    used 2925K, capacity 3091K, committed 3200K, reserved 1048576K
}
Event: 3.324 GC heap after
{Heap after GC invocations=13 (full 0):
 garbage-first heap   total 262144K, used 13237K [0x0000000700e00000, 0x0000000800000000)
  region size 1024K, 8 young (8192K), 8 survivors (8192K)
 Metaspace       used 18816K, capacity 19265K, committed 19584K, reserved 1064960K
  class space    used 2925K, capacity 3091K, committed 3200K, reserved 1048576K
}
Event: 3.365 GC heap before
{Heap before GC invocations=13 (full 0):
 garbage-first heap   total 262144K, used 165813K [0x0000000700e00000, 0x0000000800000000)
  region size 1024K, 153 young (156672K), 8 survivors (8192K)
 Metaspace       used 18816K, capacity 19265K, committed 19584K, reserved 1064960K
  class space    used 2925K, capacity 3091K, committed 3200K, reserved 1048576K
}

Deoptimization events (10 events):
Event: 2.782 Thread 0x000002bc7f90f800 Uncommon trap: reason=predicate action=maybe_recompile pc=0x000002bc6a7cef5c method=java.util.LinkedList.toArray([Ljava/lang/Object;)[Ljava/lang/Object; @ 39 c2
Event: 2.797 Thread 0x000002bc7f90f800 Uncommon trap: reason=profile_predicate action=maybe_recompile pc=0x000002bc6a7d1d3c method=java.util.LinkedList.toArray([Ljava/lang/Object;)[Ljava/lang/Object; @ 39 c2
Event: 2.798 Thread 0x000002bc7f90f800 Uncommon trap: reason=profile_predicate action=maybe_recompile pc=0x000002bc6a7d1d3c method=java.util.LinkedList.toArray([Ljava/lang/Object;)[Ljava/lang/Object; @ 39 c2
Event: 2.798 Thread 0x000002bc7f90f800 Uncommon trap: reason=profile_predicate action=maybe_recompile pc=0x000002bc6a7d1d3c method=java.util.LinkedList.toArray([Ljava/lang/Object;)[Ljava/lang/Object; @ 39 c2
Event: 2.798 Thread 0x000002bc7f90f800 Uncommon trap: reason=profile_predicate action=maybe_recompile pc=0x000002bc6a7d1d3c method=java.util.LinkedList.toArray([Ljava/lang/Object;)[Ljava/lang/Object; @ 39 c2
Event: 2.804 Thread 0x000002bc7f90f800 Uncommon trap: reason=array_check action=maybe_recompile pc=0x000002bc6a7d556c method=java.util.LinkedList.toArray([Ljava/lang/Object;)[Ljava/lang/Object; @ 52 c2
Event: 2.804 Thread 0x000002bc7f90f800 Uncommon trap: reason=array_check action=maybe_recompile pc=0x000002bc6a7d556c method=java.util.LinkedList.toArray([Ljava/lang/Object;)[Ljava/lang/Object; @ 52 c2
Event: 2.804 Thread 0x000002bc7f90f800 Uncommon trap: reason=array_check action=maybe_recompile pc=0x000002bc6a7d556c method=java.util.LinkedList.toArray([Ljava/lang/Object;)[Ljava/lang/Object; @ 52 c2
Event: 2.804 Thread 0x000002bc7f90f800 Uncommon trap: reason=array_check action=maybe_recompile pc=0x000002bc6a7d556c method=java.util.LinkedList.toArray([Ljava/lang/Object;)[Ljava/lang/Object; @ 52 c2
Event: 3.333 Thread 0x000002bc7f90f800 Uncommon trap: reason=unstable_if action=reinterpret pc=0x000002bc6a7f8988 method=au.edu.sydney.cpa.erp.feaa.reports.ReportDatabase.getReportData()[D @ 145 c2

Classes redefined (0 events):
No events

Internal exceptions (10 events):
Event: 1.523 Thread 0x000002bc7f90f800 Exception <a 'java/lang/ClassNotFoundException'{0x000000070c4cc0f8}: org/powermock/configuration/MockitoConfigurationBeanInfo> (0x000000070c4cc0f8) thrown at [t:/workspace/open/src/hotspot/share/classfile/systemDictionary.cpp, line 235]
Event: 1.523 Thread 0x000002bc7f90f800 Exception <a 'java/lang/ClassNotFoundException'{0x000000070c4e3840}: org/powermock/configuration/MockitoConfigurationCustomizer> (0x000000070c4e3840) thrown at [t:/workspace/open/src/hotspot/share/classfile/systemDictionary.cpp, line 235]
Event: 1.525 Thread 0x000002bc7f90f800 Exception <a 'java/lang/ClassNotFoundException'{0x000000070c3140a0}: org/powermock/configuration/PowerMockConfigurationBeanInfo> (0x000000070c3140a0) thrown at [t:/workspace/open/src/hotspot/share/classfile/systemDictionary.cpp, line 235]
Event: 1.526 Thread 0x000002bc7f90f800 Exception <a 'java/lang/ClassNotFoundException'{0x000000070c32c1b8}: org/powermock/configuration/PowerMockConfigurationCustomizer> (0x000000070c32c1b8) thrown at [t:/workspace/open/src/hotspot/share/classfile/systemDictionary.cpp, line 235]
Event: 1.527 Thread 0x000002bc7f90f800 Exception <a 'java/lang/ClassNotFoundException'{0x000000070c358d20}: org/powermock/configuration/PowerMockConfigurationBeanInfo> (0x000000070c358d20) thrown at [t:/workspace/open/src/hotspot/share/classfile/systemDictionary.cpp, line 235]
Event: 1.528 Thread 0x000002bc7f90f800 Exception <a 'java/lang/ClassNotFoundException'{0x000000070c370e18}: org/powermock/configuration/PowerMockConfigurationCustomizer> (0x000000070c370e18) thrown at [t:/workspace/open/src/hotspot/share/classfile/systemDictionary.cpp, line 235]
Event: 2.581 Thread 0x000002bc7f90f800 Exception <a 'java/lang/NoSuchMethodError'{0x000000070a3115a0}: java.lang.invoke.DirectMethodHandle$Holder.invokeInterface(Ljava/lang/Object;Ljava/lang/Object;)D> (0x000000070a3115a0) thrown at [t:/workspace/open/src/hotspot/share/interpreter/linkResolver
Event: 2.739 Thread 0x000002bc7f90f800 Exception <a 'java/lang/NoSuchMethodError'{0x0000000709103808}: java.lang.invoke.DirectMethodHandle$Holder.invokeStatic(Ljava/lang/Object;Ljava/lang/Object;Ljava/lang/Object;I)Ljava/lang/Object;> (0x0000000709103808) thrown at [t:/workspace/open/src/hotsp
Event: 2.739 Thread 0x000002bc7f90f800 Exception <a 'java/lang/NoSuchMethodError'{0x00000007091072e8}: java.lang.invoke.DirectMethodHandle$Holder.invokeSpecial(Ljava/lang/Object;Ljava/lang/Object;Ljava/lang/Object;Ljava/lang/Object;I)Ljava/lang/Object;> (0x00000007091072e8) thrown at [t:/works
Event: 2.739 Thread 0x000002bc7f90f800 Exception <a 'java/lang/NoSuchMethodError'{0x000000070910a640}: java.lang.invoke.Invokers$Holder.linkToTargetMethod(Ljava/lang/Object;Ljava/lang/Object;ILjava/lang/Object;)Ljava/lang/Object;> (0x000000070910a640) thrown at [t:/workspace/open/src/hotspot/s

Events (10 events):
Event: 3.220 Executing VM operation: G1CollectForAllocation
Event: 3.231 Executing VM operation: G1CollectForAllocation done
Event: 3.270 Executing VM operation: G1CollectForAllocation
Event: 3.279 Executing VM operation: G1CollectForAllocation done
Event: 3.319 Executing VM operation: G1CollectForAllocation
Event: 3.324 Executing VM operation: G1CollectForAllocation done
Event: 3.333 Thread 0x000002bc7f90f800 Uncommon trap: trap_request=0xffffff4d fr.pc=0x000002bc6a7f8988 relative=0x00000000000002e8
Event: 3.333 Thread 0x000002bc7f90f800 DEOPT PACKING pc=0x000002bc6a7f8988 sp=0x000000bf25dfb150
Event: 3.333 Thread 0x000002bc7f90f800 DEOPT UNPACKING pc=0x000002bc62b89c2f sp=0x000000bf25dfb0f8 mode 2
Event: 3.364 Executing VM operation: G1CollectForAllocation


Dynamic libraries:
0x00007ff7640a0000 - 0x00007ff7640af000 	C:\Program Files\Java\jdk-12.0.1\bin\java.exe
0x00007ffc77880000 - 0x00007ffc77a70000 	C:\WINDOWS\SYSTEM32\ntdll.dll
0x00007ffc773b0000 - 0x00007ffc77462000 	C:\WINDOWS\System32\KERNEL32.DLL
0x00007ffc74810000 - 0x00007ffc74ab4000 	C:\WINDOWS\System32\KERNELBASE.dll
0x00007ffc753c0000 - 0x00007ffc754ba000 	C:\WINDOWS\System32\ucrtbase.dll
0x00007ffc6d4d0000 - 0x00007ffc6d4e6000 	C:\Program Files\Java\jdk-12.0.1\bin\VCRUNTIME140.dll
0x00007ffc5d690000 - 0x00007ffc5d6a8000 	C:\Program Files\Java\jdk-12.0.1\bin\jli.dll
0x00007ffc77300000 - 0x00007ffc773a3000 	C:\WINDOWS\System32\ADVAPI32.dll
0x00007ffc75c20000 - 0x00007ffc75cbe000 	C:\WINDOWS\System32\msvcrt.dll
0x00007ffc77530000 - 0x00007ffc775c7000 	C:\WINDOWS\System32\sechost.dll
0x00007ffc768b0000 - 0x00007ffc769d0000 	C:\WINDOWS\System32\RPCRT4.dll
0x00007ffc764f0000 - 0x00007ffc76684000 	C:\WINDOWS\System32\USER32.dll
0x00007ffc752f0000 - 0x00007ffc75311000 	C:\WINDOWS\System32\win32u.dll
0x00007ffc68ca0000 - 0x00007ffc68f24000 	C:\WINDOWS\WinSxS\amd64_microsoft.windows.common-controls_6595b64144ccf1df_6.0.18362.836_none_e6c4b943130f18ed\COMCTL32.dll
0x00007ffc766a0000 - 0x00007ffc766c6000 	C:\WINDOWS\System32\GDI32.dll
0x00007ffc75d40000 - 0x00007ffc76076000 	C:\WINDOWS\System32\combase.dll
0x00007ffc754f0000 - 0x00007ffc75684000 	C:\WINDOWS\System32\gdi32full.dll
0x00007ffc75320000 - 0x00007ffc753be000 	C:\WINDOWS\System32\msvcp_win.dll
0x00007ffc75760000 - 0x00007ffc757e0000 	C:\WINDOWS\System32\bcryptPrimitives.dll
0x00007ffc71670000 - 0x00007ffc7167a000 	C:\WINDOWS\SYSTEM32\VERSION.dll
0x00007ffc75a00000 - 0x00007ffc75a2e000 	C:\WINDOWS\System32\IMM32.DLL
0x00007ffc586e0000 - 0x00007ffc5878a000 	C:\Program Files\Java\jdk-12.0.1\bin\msvcp140.dll
0x00007ffc2ed00000 - 0x00007ffc2f874000 	C:\Program Files\Java\jdk-12.0.1\bin\server\jvm.dll
0x00007ffc76690000 - 0x00007ffc76698000 	C:\WINDOWS\System32\PSAPI.DLL
0x00007ffc6efa0000 - 0x00007ffc6efc4000 	C:\WINDOWS\SYSTEM32\WINMM.dll
0x00007ffc5d390000 - 0x00007ffc5d399000 	C:\WINDOWS\SYSTEM32\WSOCK32.dll
0x00007ffc76750000 - 0x00007ffc767bf000 	C:\WINDOWS\System32\WS2_32.dll
0x00007ffc6df90000 - 0x00007ffc6dfbd000 	C:\WINDOWS\SYSTEM32\winmmbase.dll
0x00007ffc74ac0000 - 0x00007ffc74b0a000 	C:\WINDOWS\System32\cfgmgr32.dll
0x00007ffc747f0000 - 0x00007ffc74801000 	C:\WINDOWS\System32\kernel.appcore.dll
0x00007ffc5d670000 - 0x00007ffc5d681000 	C:\Program Files\Java\jdk-12.0.1\bin\verify.dll
0x00007ffc5c680000 - 0x00007ffc5c874000 	C:\WINDOWS\SYSTEM32\DBGHELP.DLL
0x00007ffc5c650000 - 0x00007ffc5c67a000 	C:\WINDOWS\SYSTEM32\dbgcore.DLL
0x00007ffc5c4d0000 - 0x00007ffc5c4f6000 	C:\Program Files\Java\jdk-12.0.1\bin\java.dll
0x00007ffc5d0b0000 - 0x00007ffc5d0c7000 	C:\Program Files\Java\jdk-12.0.1\bin\zip.dll
0x00007ffc6f140000 - 0x00007ffc6f14a000 	C:\Program Files\Java\jdk-12.0.1\bin\jimage.dll
0x00007ffc769d0000 - 0x00007ffc770b4000 	C:\WINDOWS\System32\SHELL32.dll
0x00007ffc75b70000 - 0x00007ffc75c19000 	C:\WINDOWS\System32\shcore.dll
0x00007ffc74b70000 - 0x00007ffc752ee000 	C:\WINDOWS\System32\windows.storage.dll
0x00007ffc747c0000 - 0x00007ffc747e3000 	C:\WINDOWS\System32\profapi.dll
0x00007ffc74770000 - 0x00007ffc747ba000 	C:\WINDOWS\System32\powrprof.dll
0x00007ffc74740000 - 0x00007ffc74750000 	C:\WINDOWS\System32\UMPDC.dll
0x00007ffc774d0000 - 0x00007ffc77522000 	C:\WINDOWS\System32\shlwapi.dll
0x00007ffc75740000 - 0x00007ffc75757000 	C:\WINDOWS\System32\cryptsp.dll
0x00007ffc5d000000 - 0x00007ffc5d019000 	C:\Program Files\Java\jdk-12.0.1\bin\net.dll
0x00007ffc6ed60000 - 0x00007ffc6ee50000 	C:\WINDOWS\SYSTEM32\WINHTTP.dll
0x00007ffc644b0000 - 0x00007ffc64686000 	C:\WINDOWS\SYSTEM32\urlmon.dll
0x00007ffc67310000 - 0x00007ffc675b6000 	C:\WINDOWS\SYSTEM32\iertutil.dll
0x00007ffc74180000 - 0x00007ffc7418c000 	C:\WINDOWS\SYSTEM32\CRYPTBASE.DLL
0x00007ffc73fb0000 - 0x00007ffc74017000 	C:\WINDOWS\system32\mswsock.dll
0x00007ffc5c980000 - 0x00007ffc5c993000 	C:\Program Files\Java\jdk-12.0.1\bin\nio.dll
0x00007ffc73b20000 - 0x00007ffc73b53000 	C:\WINDOWS\system32\rsaenh.dll
0x00007ffc754c0000 - 0x00007ffc754e6000 	C:\WINDOWS\System32\bcrypt.dll
0x00007ffc74630000 - 0x00007ffc74655000 	C:\WINDOWS\SYSTEM32\USERENV.dll
0x00007ffc73cc0000 - 0x00007ffc73cfa000 	C:\WINDOWS\SYSTEM32\IPHLPAPI.DLL
0x00007ffc775d0000 - 0x00007ffc775d8000 	C:\WINDOWS\System32\NSI.dll
0x00007ffc71310000 - 0x00007ffc71326000 	C:\WINDOWS\SYSTEM32\dhcpcsvc6.DLL
0x00007ffc712f0000 - 0x00007ffc7130c000 	C:\WINDOWS\SYSTEM32\dhcpcsvc.DLL
0x00007ffc73d00000 - 0x00007ffc73dcb000 	C:\WINDOWS\SYSTEM32\DNSAPI.dll

dbghelp: loaded successfully - version: 4.0.5 - missing functions: none
symbol engine: initialized successfully - sym options: 0x614 - pdb path: .;C:\Program Files\Java\jdk-12.0.1\bin;C:\WINDOWS\SYSTEM32;C:\WINDOWS\WinSxS\amd64_microsoft.windows.common-controls_6595b64144ccf1df_6.0.18362.836_none_e6c4b943130f18ed;C:\Program Files\Java\jdk-12.0.1\bin\server

VM Arguments:
jvm_args: -Dorg.gradle.native=false -Dfile.encoding=windows-1252 -Duser.country=AU -Duser.language=en -Duser.variant -ea 
java_command: worker.org.gradle.process.internal.worker.GradleWorkerMain 'Gradle Test Executor 2'
java_class_path (initial): C:\Users\eric\.gradle\caches\4.10.3\workerMain\gradle-worker.jar;C:\Users\eric\Documents\sem 4\SOFT3202\New\build\classes\java\test;C:\Users\eric\Documents\sem 4\SOFT3202\New\build\resources\test;C:\Users\eric\Documents\sem 4\SOFT3202\New\build\classes\java\main;C:\Users\eric\Documents\sem 4\SOFT3202\New\build\resources\main;C:\Users\eric\.gradle\caches\modules-2\files-2.1\org.powermock\powermock-module-junit4\2.0.0\6930eaf4dec9736d25423f4382d6212c169df576\powermock-module-junit4-2.0.0.jar;C:\Users\eric\.gradle\caches\modules-2\files-2.1\org.powermock\powermock-module-junit4-common\2.0.0\b04042e0669345b338fcd62fe5383de7cb761cf6\powermock-module-junit4-common-2.0.0.jar;C:\Users\eric\.gradle\caches\modules-2\files-2.1\junit\junit\4.12\2973d150c0dc1fefe998f834810d68f278ea58ec\junit-4.12.jar;C:\Users\eric\.gradle\caches\modules-2\files-2.1\org.powermock\powermock-api-mockito2\2.0.0\12d4d2de4152d75421bf0d1da2114370abfa29a5\powermock-api-mockito2-2.0.0.jar;C:\Users\eric\.gradle\caches\modules-2\files-2.1\org.mockito\mockito-core\2.28.2\91110215a8cb9b77a46e045ee758f77d79167cc0\mockito-core-2.28.2.jar;C:\Users\eric\.gradle\caches\modules-2\files-2.1\org.hamcrest\hamcrest-core\1.3\42a25dc3219429f0e5d060061f71acb49bf010a0\hamcrest-core-1.3.jar;C:\Users\eric\.gradle\caches\modules-2\files-2.1\org.powermock\powermock-api-support\2.0.0\baf2d5520bb281b166cef0e9edc7b1ac0b85f813\powermock-api-support-2.0.0.jar;C:\Users\eric\.gradle\caches\modules-2\files-2.1\org.powermock\powermock-core\2.0.0\c34a6706f810172e210d218627abf0541b9d66d2\powermock-core-2.0.0.jar;C:\Users\eric\.gradle\caches\modules-2\files-2.1\org.powermock\powermock-reflect\2.0.0\cd452bc345ec9f88ec5efecd41139de0cb1d4265\powermock-reflect-2.0.0.jar;C:\Users\eric\.gradle\caches\modules-2\files-2.1\net.bytebuddy\byte-buddy\1.9.10\211a2b4d3df1eeef2a6cacf78d74a1f725e7a840\byte-buddy-1.9.10.jar;C:\Users\eric\.gradle\caches\modules-2\files-2.1\net.bytebuddy\byte-buddy-agent\1.9.10\9674aba5ee793e54
Launcher Type: SUN_STANDARD

[Global flags]
     intx CICompilerCount                          = 4                                         {product} {ergonomic}
     uint ConcGCThreads                            = 2                                         {product} {ergonomic}
     uint G1ConcRefinementThreads                  = 8                                         {product} {ergonomic}
   size_t G1HeapRegionSize                         = 1048576                                   {product} {ergonomic}
    uintx GCDrainStackTargetSize                   = 64                                        {product} {ergonomic}
   size_t InitialHeapSize                          = 268435456                                 {product} {ergonomic}
   size_t MarkStackSize                            = 4194304                                   {product} {ergonomic}
   size_t MaxHeapSize                              = 4280287232                                {product} {ergonomic}
   size_t MaxNewSize                               = 2567962624                                {product} {ergonomic}
   size_t MinHeapDeltaBytes                        = 1048576                                   {product} {ergonomic}
    uintx NonNMethodCodeHeapSize                   = 5836300                                {pd product} {ergonomic}
    uintx NonProfiledCodeHeapSize                  = 122910970                              {pd product} {ergonomic}
    uintx ProfiledCodeHeapSize                     = 122910970                              {pd product} {ergonomic}
    uintx ReservedCodeCacheSize                    = 251658240                              {pd product} {ergonomic}
     bool SegmentedCodeCache                       = true                                      {product} {ergonomic}
     bool UseCompressedClassPointers               = true                                 {lp64_product} {ergonomic}
     bool UseCompressedOops                        = true                                 {lp64_product} {ergonomic}
     bool UseG1GC                                  = true                                      {product} {ergonomic}
     bool UseLargePagesIndividualAllocation        = false                                  {pd product} {ergonomic}

Logging:
Log output configuration:
 #0: stdout all=warning uptime,level,tags
 #1: stderr all=off uptime,level,tags

Environment Variables:
PATH=C:\Program Files (x86)\Common Files\Intel\Shared Libraries\redist\intel64\compiler%;C:\Windows\system32;C:\Windows;C:\Windows\System32\Wbem;C:\Windows\System32\WindowsPowerShell\v1.0\;C:\Program Files (x86)\NVIDIA Corporation\PhysX\Common;C:\WINDOWS\system32;C:\WINDOWS;C:\WINDOWS\System32\Wbem;C:\WINDOWS\System32\WindowsPowerShell\v1.0\;C:\WINDOWS\System32\OpenSSH\;C:\Users\eric\AppData\Local\Programs\Python;C:\Users\eric\Downloads;C:\Program Files\Java\jdk-12.0.1\bin;C:\WINDOWS\system32;C:\WINDOWS;C:\WINDOWS\System32\Wbem;C:\WINDOWS\System32\WindowsPowerShell\v1.0\;C:\WINDOWS\System32\OpenSSH\;C:\Program Files\Git\cmd;C:\Users\eric\Anaconda3;C:\Users\eric\Anaconda3\Library\mingw-w64\bin;C:\Users\eric\Anaconda3\Library\usr\bin;C:\Users\eric\Anaconda3\Library\bin;C:\Users\eric\Anaconda3\Scripts;C:\Users\eric\AppData\Local\Microsoft\WindowsApps
USERNAME=eric
OS=Windows_NT
PROCESSOR_IDENTIFIER=Intel64 Family 6 Model 158 Stepping 9, GenuineIntel



---------------  S Y S T E M  ---------------

OS: Windows 10 , 64 bit Build 18362 (10.0.18362.778)

CPU:total 8 (initial active 8) (4 cores per cpu, 2 threads per core) family 6 model 158 stepping 9, cmov, cx8, fxsr, mmx, sse, sse2, sse3, ssse3, sse4.1, sse4.2, popcnt, avx, avx2, aes, clmul, erms, rtm, 3dnowpref, lzcnt, ht, tsc, tscinvbit, bmi1, bmi2, adx, fma

Memory: 4k page, system-wide physical 16323M (5805M free)
TotalPageFile size 16323M (AvailPageFile size 77M)
current process WorkingSet (physical memory assigned to process): 288M, peak: 293M
current process commit charge ("private bytes"): 418M, peak: 585M

vm_info: Java HotSpot(TM) 64-Bit Server VM (12.0.1+12) for windows-amd64 JRE (12.0.1+12), built on Apr  2 2019 14:02:19 by "mach5one" with MS VC++ 15.5 (VS2017)

END.
